<?xml version="1.0" encoding="UTF-8"?>
<!-- Generated by org.testng.reporters.JUnitReportReporter -->
<testsuite skipped="0" hostname="LAPTOP-UV44QAU3" name="com.nopcommerce.user.User_01_Register_Login" tests="3" failures="0" timestamp="31 May 2021 15:51:58 GMT" time="0.008" errors="0">
  <testcase name="TC_01_Register_Empty_Data" time="0.006" classname="com.nopcommerce.user.User_01_Register_Login"/>
  <testcase name="TC_03_Register_Invalid_Password" time="0.001" classname="com.nopcommerce.user.User_01_Register_Login"/>
  <testcase name="TC_02_Register_Invalid_Email" time="0.001" classname="com.nopcommerce.user.User_01_Register_Login"/>
</testsuite> <!-- com.nopcommerce.user.User_01_Register_Login -->
